2024-11-10 05:27:18,419 - INFO - Открытие страницы: https://zakupki.mos.ru/auction/9864870
2024-11-10 05:27:25,764 - INFO - HTML-код страницы успешно загружен.
2024-11-10 05:27:25,912 - INFO - Найдена ссылка: https://zakupki.mos.ru/newapi/api/FileStorage/Download?id=232508260, текст: техническое задание автозапчасти (4).docx
2024-11-10 05:27:25,913 - INFO - Найдена ссылка: https://zakupki.mos.ru/newapi/api/FileStorage/Download?id=232508272, текст: проект контракта.pdf
2024-11-10 05:27:26,202 - INFO - Файл сохранён: downloads/ТЗ.docx
2024-11-10 05:27:26,479 - INFO - Файл сохранён: downloads/Проект-контракта.pdf
2024-11-10 05:28:41,886 - INFO - Открытие страницы: https://zakupki.mos.ru/auction/9864870
2024-11-10 05:28:48,455 - INFO - HTML-код страницы успешно загружен.
2024-11-10 05:28:48,617 - INFO - Найдена ссылка: https://zakupki.mos.ru/newapi/api/FileStorage/Download?id=232508260, текст: техническое задание автозапчасти (4).docx
2024-11-10 05:28:48,617 - INFO - Найдена ссылка: https://zakupki.mos.ru/newapi/api/FileStorage/Download?id=232508272, текст: проект контракта.pdf
2024-11-10 05:28:48,886 - INFO - Файл сохранён: downloads/ТЗ.docx
2024-11-10 05:28:49,177 - INFO - Файл сохранён: downloads/Проект-контракта.pdf
2024-11-10 05:29:18,228 - INFO - Открытие страницы: https://zakupki.mos.ru/auction/9864870
2024-11-10 05:29:24,894 - INFO - HTML-код страницы успешно загружен.
2024-11-10 05:29:25,062 - INFO - Найдена ссылка: https://zakupki.mos.ru/newapi/api/FileStorage/Download?id=232508260, текст: техническое задание автозапчасти (4).docx
2024-11-10 05:29:25,063 - INFO - Найдена ссылка: https://zakupki.mos.ru/newapi/api/FileStorage/Download?id=232508272, текст: проект контракта.pdf
2024-11-10 05:29:25,291 - INFO - Файл сохранён: downloads/ТЗ.docx
2024-11-10 05:29:25,570 - INFO - Файл сохранён: downloads/Проект-контракта.pdf
2024-11-10 05:29:25,611 - INFO - Парсинг параметров страницы.
2024-11-10 05:29:25,614 - INFO - Параметры страницы: {'Условия исполнения контракта': 'Обязательное электронное исполнение с использованием УПД', 'Обеспечение исполнения контракта': 'Не требуется', 'Заказчик': 'Государственное бюджетное профессиональное образовательное учреждение города Москвы «Медицинский колледж № 1»', 'Заключение происходит в соответствии с законом': '44-ФЗ', 'Даты проведения': ' 31.10.2024 10:56:14 — 31 October 2024, 16:56:14'}
2024-11-10 05:29:25,614 - INFO - Начало парсинга данных о продуктах.
2024-11-10 05:29:25,642 - INFO - Парсинг завершен. Найдено продуктов: 4
2024-11-10 05:30:48,249 - INFO - Открытие страницы: https://zakupki.mos.ru/auction/9864870
2024-11-10 05:30:54,545 - INFO - HTML-код страницы успешно загружен.
2024-11-10 05:30:54,705 - INFO - Найдена ссылка: https://zakupki.mos.ru/newapi/api/FileStorage/Download?id=232508260, текст: техническое задание автозапчасти (4).docx
2024-11-10 05:30:54,705 - INFO - Найдена ссылка: https://zakupki.mos.ru/newapi/api/FileStorage/Download?id=232508272, текст: проект контракта.pdf
2024-11-10 05:30:54,998 - INFO - Файл сохранён: downloads/ТЗ.docx
2024-11-10 05:30:55,235 - INFO - Файл сохранён: downloads/Проект-контракта.pdf
2024-11-10 05:30:55,275 - INFO - Парсинг параметров страницы.
2024-11-10 05:30:55,278 - INFO - Параметры страницы: {'Условия исполнения контракта': 'Обязательное электронное исполнение с использованием УПД', 'Обеспечение исполнения контракта': 'Не требуется', 'Заказчик': 'Государственное бюджетное профессиональное образовательное учреждение города Москвы «Медицинский колледж № 1»', 'Заключение происходит в соответствии с законом': '44-ФЗ', 'Даты проведения': ' 31.10.2024 10:56:14 — 31 October 2024, 16:56:14'}
2024-11-10 05:30:55,278 - INFO - Начало парсинга данных о продуктах.
2024-11-10 05:30:55,305 - INFO - Парсинг завершен. Найдено продуктов: 4
2024-11-10 05:31:23,384 - INFO - Открытие страницы: https://zakupki.mos.ru/auction/9864533
2024-11-10 05:31:29,412 - INFO - HTML-код страницы успешно загружен.
2024-11-10 05:31:29,575 - INFO - Найдена ссылка: https://zakupki.mos.ru/newapi/api/FileStorage/Download?id=232480287, текст: тз № п-пуизр-2024.docx
2024-11-10 05:31:29,575 - INFO - Найдена ссылка: https://zakupki.mos.ru/newapi/api/FileStorage/Download?id=232480290, текст: проект контракта.pdf
2024-11-10 05:31:29,794 - INFO - Файл сохранён: downloads/ТЗ.docx
2024-11-10 05:31:30,034 - INFO - Файл сохранён: downloads/Проект-контракта.pdf
2024-11-10 05:31:30,066 - INFO - Парсинг параметров страницы.
2024-11-10 05:31:30,071 - INFO - Параметры страницы: {'Условия исполнения контракта': 'Обязательное электронное исполнение с использованием УПД', 'Обеспечение исполнения контракта': 'Не требуется', 'Заказчик': 'Государственное бюджетное общеобразовательное учреждение города Москвы «Центр спорта и образования «Самбо-70» Департамента спорта города Москвы', 'Заключение происходит в соответствии с законом': '44-ФЗ', 'Даты проведения': ' 31.10.2024 09:10:11 — 31 October 2024, 15:10:11'}
2024-11-10 05:31:30,071 - INFO - Начало парсинга данных о продуктах.
2024-11-10 05:31:30,091 - INFO - Парсинг завершен. Найдено продуктов: 3
2024-11-10 05:33:32,742 - INFO - Открытие страницы: https://zakupki.mos.ru/auction/9864884
2024-11-10 05:33:38,732 - INFO - HTML-код страницы успешно загружен.
2024-11-10 05:33:38,869 - INFO - Найдена ссылка: https://zakupki.mos.ru/newapi/api/FileStorage/Download?id=232509211, текст: проект договора.pdf
2024-11-10 05:33:38,869 - INFO - Найдена ссылка: https://zakupki.mos.ru/newapi/api/FileStorage/Download?id=232509229, текст: тз.docx
2024-11-10 05:33:39,096 - INFO - Файл сохранён: downloads/ТЗ.docx
2024-11-10 05:33:39,306 - INFO - Файл сохранён: downloads/Проект-контракта.pdf
2024-11-10 05:33:39,333 - INFO - Парсинг параметров страницы.
2024-11-10 05:33:39,338 - INFO - Параметры страницы: {'Обеспечение исполнения контракта': 'Не требуется', 'Заказчик': 'Общество с ограниченной ответственностью «Научно-производственное предприятие БИОТУМ»', 'Заключение происходит в соответствии с законом': '223-ФЗ', 'Даты проведения': ' 31.10.2024 10:59:18 — 31 October 2024, 13:59:18'}
2024-11-10 05:33:39,338 - INFO - Начало парсинга данных о продуктах.
2024-11-10 05:33:39,352 - INFO - Парсинг завершен. Найдено продуктов: 2
2024-11-10 10:13:30,425 - INFO - Открытие страницы: https://zakupki.mos.ru/auction/9869552
2024-11-10 10:13:35,530 - INFO - HTML-код страницы успешно загружен.
2024-11-10 10:13:35,663 - INFO - Найдена ссылка: https://zakupki.mos.ru/newapi/api/FileStorage/Download?id=233376302, текст: 5-й новоподмосковный, д.4, корп.1 (1) (1).xlsx
2024-11-10 10:13:35,664 - INFO - Найдена ссылка: https://zakupki.mos.ru/newapi/api/FileStorage/Download?id=233376306, текст: техническое+задание (2).docx
2024-11-10 10:13:35,664 - INFO - Найдена ссылка: https://zakupki.mos.ru/newapi/api/FileStorage/Download?id=233376314, текст: проект контракта.pdf
2024-11-10 10:13:35,860 - INFO - Файл сохранён: downloads/ТЗ.docx
2024-11-10 10:13:36,072 - INFO - Файл сохранён: downloads/Проект-контракта.pdf
2024-11-10 10:13:36,094 - INFO - Парсинг параметров страницы.
2024-11-10 10:13:36,097 - INFO - Параметры страницы: {'Условия исполнения контракта': 'Обязательное электронное исполнение с использованием УПД', 'Обеспечение исполнения контракта': 'Требуется', 'Заказчик': 'ГОСУДАРСТВЕННОЕ БЮДЖЕТНОЕ УЧРЕЖДЕНИЕ ГОРОДА МОСКВЫ «САОРАЗВИТИЕ»', 'Заключение происходит в соответствии с законом': '44-ФЗ', 'Даты проведения': ' 08.11.2024 10:30:03 — 08 November 2024, 17:01:56'}
2024-11-10 10:13:36,097 - INFO - Начало парсинга данных о продуктах.
2024-11-10 10:13:36,104 - INFO - Парсинг завершен. Найдено продуктов: 1
2024-11-10 10:14:46,040 - INFO - Открытие страницы: https://zakupki.mos.ru/auction/9869552
2024-11-10 10:14:50,613 - INFO - HTML-код страницы успешно загружен.
2024-11-10 10:14:50,730 - INFO - Найдена ссылка: https://zakupki.mos.ru/newapi/api/FileStorage/Download?id=233376302, текст: 5-й новоподмосковный, д.4, корп.1 (1) (1).xlsx
2024-11-10 10:14:50,730 - INFO - Найдена ссылка: https://zakupki.mos.ru/newapi/api/FileStorage/Download?id=233376306, текст: техническое+задание (2).docx
2024-11-10 10:14:50,730 - INFO - Найдена ссылка: https://zakupki.mos.ru/newapi/api/FileStorage/Download?id=233376314, текст: проект контракта.pdf
2024-11-10 10:14:50,931 - INFO - Файл сохранён: downloads/ТЗ.docx
2024-11-10 10:14:51,137 - INFO - Файл сохранён: downloads/Проект-контракта.pdf
2024-11-10 10:14:51,157 - INFO - Парсинг параметров страницы.
2024-11-10 10:14:51,158 - INFO - Параметры страницы: {'Условия исполнения контракта': 'Обязательное электронное исполнение с использованием УПД', 'Обеспечение исполнения контракта': 'Требуется', 'Заказчик': 'ГОСУДАРСТВЕННОЕ БЮДЖЕТНОЕ УЧРЕЖДЕНИЕ ГОРОДА МОСКВЫ «САОРАЗВИТИЕ»', 'Заключение происходит в соответствии с законом': '44-ФЗ', 'Даты проведения': ' 08.11.2024 10:30:03 — 08 November 2024, 17:01:56'}
2024-11-10 10:14:51,158 - INFO - Начало парсинга данных о продуктах.
2024-11-10 10:14:51,165 - INFO - Парсинг завершен. Найдено продуктов: 1
2024-11-10 10:15:24,697 - INFO - Открытие страницы: https://zakupki.mos.ru/auction/9869552
2024-11-10 10:15:29,208 - INFO - HTML-код страницы успешно загружен.
2024-11-10 10:15:29,316 - INFO - Найдена ссылка: https://zakupki.mos.ru/newapi/api/FileStorage/Download?id=233376302, текст: 5-й новоподмосковный, д.4, корп.1 (1) (1).xlsx
2024-11-10 10:15:29,317 - INFO - Найдена ссылка: https://zakupki.mos.ru/newapi/api/FileStorage/Download?id=233376306, текст: техническое+задание (2).docx
2024-11-10 10:15:29,317 - INFO - Найдена ссылка: https://zakupki.mos.ru/newapi/api/FileStorage/Download?id=233376314, текст: проект контракта.pdf
2024-11-10 10:15:29,520 - INFO - Файл сохранён: downloads/ТЗ.docx
2024-11-10 10:15:29,771 - INFO - Файл сохранён: downloads/Проект-контракта.pdf
2024-11-10 10:15:29,791 - INFO - Парсинг параметров страницы.
2024-11-10 10:15:29,793 - INFO - Параметры страницы: {'Условия исполнения контракта': 'Обязательное электронное исполнение с использованием УПД', 'Обеспечение исполнения контракта': 'Требуется', 'Заказчик': 'ГОСУДАРСТВЕННОЕ БЮДЖЕТНОЕ УЧРЕЖДЕНИЕ ГОРОДА МОСКВЫ «САОРАЗВИТИЕ»', 'Заключение происходит в соответствии с законом': '44-ФЗ', 'Даты проведения': ' 08.11.2024 10:30:03 — 08 November 2024, 17:01:56'}
2024-11-10 10:15:29,793 - INFO - Начало парсинга данных о продуктах.
2024-11-10 10:15:29,800 - INFO - Парсинг завершен. Найдено продуктов: 1
2024-11-10 10:16:21,649 - INFO - Открытие страницы: https://zakupki.mos.ru/auction/9869552
2024-11-10 10:16:26,339 - INFO - HTML-код страницы успешно загружен.
2024-11-10 10:16:26,452 - INFO - Найдена ссылка: https://zakupki.mos.ru/newapi/api/FileStorage/Download?id=233376302, текст: 5-й новоподмосковный, д.4, корп.1 (1) (1).xlsx
2024-11-10 10:16:26,453 - INFO - Найдена ссылка: https://zakupki.mos.ru/newapi/api/FileStorage/Download?id=233376306, текст: техническое+задание (2).docx
2024-11-10 10:16:26,453 - INFO - Найдена ссылка: https://zakupki.mos.ru/newapi/api/FileStorage/Download?id=233376314, текст: проект контракта.pdf
2024-11-10 10:16:26,651 - INFO - Файл сохранён: downloads/ТЗ.docx
2024-11-10 10:16:26,895 - INFO - Файл сохранён: downloads/Проект-контракта.pdf
2024-11-10 10:16:26,916 - INFO - Парсинг параметров страницы.
2024-11-10 10:16:26,918 - INFO - Параметры страницы: {'Условия исполнения контракта': 'Обязательное электронное исполнение с использованием УПД', 'Обеспечение исполнения контракта': 'Требуется', 'Заказчик': 'ГОСУДАРСТВЕННОЕ БЮДЖЕТНОЕ УЧРЕЖДЕНИЕ ГОРОДА МОСКВЫ «САОРАЗВИТИЕ»', 'Заключение происходит в соответствии с законом': '44-ФЗ', 'Даты проведения': ' 08.11.2024 10:30:03 — 08 November 2024, 17:01:56'}
2024-11-10 10:16:26,918 - INFO - Начало парсинга данных о продуктах.
2024-11-10 10:16:26,926 - INFO - Парсинг завершен. Найдено продуктов: 1
2024-11-10 10:16:29,486 - INFO - Открытие страницы: https://zakupki.mos.ru/auction/9869552
2024-11-10 10:16:34,039 - INFO - HTML-код страницы успешно загружен.
2024-11-10 10:16:34,152 - INFO - Найдена ссылка: https://zakupki.mos.ru/newapi/api/FileStorage/Download?id=233376302, текст: 5-й новоподмосковный, д.4, корп.1 (1) (1).xlsx
2024-11-10 10:16:34,153 - INFO - Найдена ссылка: https://zakupki.mos.ru/newapi/api/FileStorage/Download?id=233376306, текст: техническое+задание (2).docx
2024-11-10 10:16:34,153 - INFO - Найдена ссылка: https://zakupki.mos.ru/newapi/api/FileStorage/Download?id=233376314, текст: проект контракта.pdf
2024-11-10 10:16:34,332 - INFO - Файл сохранён: downloads/ТЗ.docx
2024-11-10 10:16:34,599 - INFO - Файл сохранён: downloads/Проект-контракта.pdf
2024-11-10 10:16:34,617 - INFO - Парсинг параметров страницы.
2024-11-10 10:16:34,619 - INFO - Параметры страницы: {'Условия исполнения контракта': 'Обязательное электронное исполнение с использованием УПД', 'Обеспечение исполнения контракта': 'Требуется', 'Заказчик': 'ГОСУДАРСТВЕННОЕ БЮДЖЕТНОЕ УЧРЕЖДЕНИЕ ГОРОДА МОСКВЫ «САОРАЗВИТИЕ»', 'Заключение происходит в соответствии с законом': '44-ФЗ', 'Даты проведения': ' 08.11.2024 10:30:03 — 08 November 2024, 17:01:56'}
2024-11-10 10:16:34,619 - INFO - Начало парсинга данных о продуктах.
2024-11-10 10:16:34,625 - INFO - Парсинг завершен. Найдено продуктов: 1
2024-11-10 10:20:00,559 - INFO - Открытие страницы: https://zakupki.mos.ru/auction/9869552
2024-11-10 10:20:05,124 - INFO - HTML-код страницы успешно загружен.
2024-11-10 10:20:05,248 - INFO - Найдена ссылка: https://zakupki.mos.ru/newapi/api/FileStorage/Download?id=233376302, текст: 5-й новоподмосковный, д.4, корп.1 (1) (1).xlsx
2024-11-10 10:20:05,248 - INFO - Найдена ссылка: https://zakupki.mos.ru/newapi/api/FileStorage/Download?id=233376306, текст: техническое+задание (2).docx
2024-11-10 10:20:05,248 - INFO - Найдена ссылка: https://zakupki.mos.ru/newapi/api/FileStorage/Download?id=233376314, текст: проект контракта.pdf
2024-11-10 10:20:05,451 - INFO - Файл сохранён: downloads/ТЗ.docx
2024-11-10 10:20:05,750 - INFO - Файл сохранён: downloads/Проект-контракта.pdf
2024-11-10 10:20:05,769 - INFO - Парсинг параметров страницы.
2024-11-10 10:20:05,773 - INFO - Параметры страницы: {'Условия исполнения контракта': 'Обязательное электронное исполнение с использованием УПД', 'Обеспечение исполнения контракта': 'Требуется', 'Заказчик': 'ГОСУДАРСТВЕННОЕ БЮДЖЕТНОЕ УЧРЕЖДЕНИЕ ГОРОДА МОСКВЫ «САОРАЗВИТИЕ»', 'Заключение происходит в соответствии с законом': '44-ФЗ', 'Даты проведения': ' 08.11.2024 10:30:03 — 08 November 2024, 17:01:56'}
2024-11-10 10:20:05,773 - INFO - Начало парсинга данных о продуктах.
2024-11-10 10:20:05,779 - INFO - Парсинг завершен. Найдено продуктов: 1
2024-11-10 10:20:08,277 - INFO - Открытие страницы: https://zakupki.mos.ru/auction/9864870
2024-11-10 10:20:14,247 - INFO - HTML-код страницы успешно загружен.
2024-11-10 10:20:14,380 - INFO - Найдена ссылка: https://zakupki.mos.ru/newapi/api/FileStorage/Download?id=232508260, текст: техническое задание автозапчасти (4).docx
2024-11-10 10:20:14,381 - INFO - Найдена ссылка: https://zakupki.mos.ru/newapi/api/FileStorage/Download?id=232508272, текст: проект контракта.pdf
2024-11-10 10:20:14,621 - INFO - Файл сохранён: downloads/ТЗ.docx
2024-11-10 10:20:14,844 - INFO - Файл сохранён: downloads/Проект-контракта.pdf
2024-11-10 10:20:14,884 - INFO - Парсинг параметров страницы.
2024-11-10 10:20:14,885 - INFO - Параметры страницы: {'Условия исполнения контракта': 'Обязательное электронное исполнение с использованием УПД', 'Обеспечение исполнения контракта': 'Не требуется', 'Заказчик': 'Государственное бюджетное профессиональное образовательное учреждение города Москвы «Медицинский колледж № 1»', 'Заключение происходит в соответствии с законом': '44-ФЗ', 'Даты проведения': ' 31.10.2024 10:56:14 — 31 October 2024, 16:56:14'}
2024-11-10 10:20:14,885 - INFO - Начало парсинга данных о продуктах.
2024-11-10 10:20:14,911 - INFO - Парсинг завершен. Найдено продуктов: 4
2024-11-10 10:20:17,655 - INFO - Открытие страницы: https://zakupki.mos.ru/auction/9864870
2024-11-10 10:20:23,714 - INFO - HTML-код страницы успешно загружен.
2024-11-10 10:20:23,859 - INFO - Найдена ссылка: https://zakupki.mos.ru/newapi/api/FileStorage/Download?id=232508260, текст: техническое задание автозапчасти (4).docx
2024-11-10 10:20:23,859 - INFO - Найдена ссылка: https://zakupki.mos.ru/newapi/api/FileStorage/Download?id=232508272, текст: проект контракта.pdf
2024-11-10 10:20:24,080 - INFO - Файл сохранён: downloads/ТЗ.docx
2024-11-10 10:20:24,278 - INFO - Файл сохранён: downloads/Проект-контракта.pdf
2024-11-10 10:20:24,532 - INFO - Парсинг параметров страницы.
2024-11-10 10:20:24,534 - INFO - Параметры страницы: {'Условия исполнения контракта': 'Обязательное электронное исполнение с использованием УПД', 'Обеспечение исполнения контракта': 'Не требуется', 'Заказчик': 'Государственное бюджетное профессиональное образовательное учреждение города Москвы «Медицинский колледж № 1»', 'Заключение происходит в соответствии с законом': '44-ФЗ', 'Даты проведения': ' 31.10.2024 10:56:14 — 31 October 2024, 16:56:14'}
2024-11-10 10:20:24,534 - INFO - Начало парсинга данных о продуктах.
2024-11-10 10:20:24,559 - INFO - Парсинг завершен. Найдено продуктов: 4
2024-11-10 10:21:16,775 - INFO - Открытие страницы: https://zakupki.mos.ru/auction/9869552
2024-11-10 10:21:21,362 - INFO - HTML-код страницы успешно загружен.
2024-11-10 10:21:21,474 - INFO - Найдена ссылка: https://zakupki.mos.ru/newapi/api/FileStorage/Download?id=233376302, текст: 5-й новоподмосковный, д.4, корп.1 (1) (1).xlsx
2024-11-10 10:21:21,474 - INFO - Найдена ссылка: https://zakupki.mos.ru/newapi/api/FileStorage/Download?id=233376306, текст: техническое+задание (2).docx
2024-11-10 10:21:21,474 - INFO - Найдена ссылка: https://zakupki.mos.ru/newapi/api/FileStorage/Download?id=233376314, текст: проект контракта.pdf
2024-11-10 10:21:21,688 - INFO - Файл сохранён: downloads/ТЗ.docx
2024-11-10 10:21:21,913 - INFO - Файл сохранён: downloads/Проект-контракта.pdf
2024-11-10 10:21:21,933 - INFO - Парсинг параметров страницы.
2024-11-10 10:21:21,935 - INFO - Параметры страницы: {'Условия исполнения контракта': 'Обязательное электронное исполнение с использованием УПД', 'Обеспечение исполнения контракта': 'Требуется', 'Заказчик': 'ГОСУДАРСТВЕННОЕ БЮДЖЕТНОЕ УЧРЕЖДЕНИЕ ГОРОДА МОСКВЫ «САОРАЗВИТИЕ»', 'Заключение происходит в соответствии с законом': '44-ФЗ', 'Даты проведения': ' 08.11.2024 10:30:03 — 08 November 2024, 17:01:56'}
2024-11-10 10:21:21,935 - INFO - Начало парсинга данных о продуктах.
2024-11-10 10:21:21,941 - INFO - Парсинг завершен. Найдено продуктов: 1
2024-11-10 10:21:24,594 - INFO - Открытие страницы: https://zakupki.mos.ru/auction/9864870
2024-11-10 10:21:30,642 - INFO - HTML-код страницы успешно загружен.
2024-11-10 10:21:30,781 - INFO - Найдена ссылка: https://zakupki.mos.ru/newapi/api/FileStorage/Download?id=232508260, текст: техническое задание автозапчасти (4).docx
2024-11-10 10:21:30,781 - INFO - Найдена ссылка: https://zakupki.mos.ru/newapi/api/FileStorage/Download?id=232508272, текст: проект контракта.pdf
2024-11-10 10:21:31,070 - INFO - Файл сохранён: downloads/ТЗ.docx
2024-11-10 10:21:31,335 - INFO - Файл сохранён: downloads/Проект-контракта.pdf
2024-11-10 10:21:31,374 - INFO - Парсинг параметров страницы.
2024-11-10 10:21:31,375 - INFO - Параметры страницы: {'Условия исполнения контракта': 'Обязательное электронное исполнение с использованием УПД', 'Обеспечение исполнения контракта': 'Не требуется', 'Заказчик': 'Государственное бюджетное профессиональное образовательное учреждение города Москвы «Медицинский колледж № 1»', 'Заключение происходит в соответствии с законом': '44-ФЗ', 'Даты проведения': ' 31.10.2024 10:56:14 — 31 October 2024, 16:56:14'}
2024-11-10 10:21:31,375 - INFO - Начало парсинга данных о продуктах.
2024-11-10 10:21:31,401 - INFO - Парсинг завершен. Найдено продуктов: 4
2024-11-10 10:21:34,150 - INFO - Открытие страницы: https://zakupki.mos.ru/auction/9864870
2024-11-10 10:21:40,080 - INFO - HTML-код страницы успешно загружен.
2024-11-10 10:21:40,225 - INFO - Найдена ссылка: https://zakupki.mos.ru/newapi/api/FileStorage/Download?id=232508260, текст: техническое задание автозапчасти (4).docx
2024-11-10 10:21:40,225 - INFO - Найдена ссылка: https://zakupki.mos.ru/newapi/api/FileStorage/Download?id=232508272, текст: проект контракта.pdf
2024-11-10 10:21:40,494 - INFO - Файл сохранён: downloads/ТЗ.docx
2024-11-10 10:21:40,758 - INFO - Файл сохранён: downloads/Проект-контракта.pdf
2024-11-10 10:21:40,798 - INFO - Парсинг параметров страницы.
2024-11-10 10:21:40,799 - INFO - Параметры страницы: {'Условия исполнения контракта': 'Обязательное электронное исполнение с использованием УПД', 'Обеспечение исполнения контракта': 'Не требуется', 'Заказчик': 'Государственное бюджетное профессиональное образовательное учреждение города Москвы «Медицинский колледж № 1»', 'Заключение происходит в соответствии с законом': '44-ФЗ', 'Даты проведения': ' 31.10.2024 10:56:14 — 31 October 2024, 16:56:14'}
2024-11-10 10:21:40,799 - INFO - Начало парсинга данных о продуктах.
2024-11-10 10:21:40,826 - INFO - Парсинг завершен. Найдено продуктов: 4
2024-11-10 10:21:43,687 - INFO - Открытие страницы: https://zakupki.mos.ru/auction/9864884
2024-11-10 10:21:50,654 - INFO - HTML-код страницы успешно загружен.
2024-11-10 10:21:50,774 - INFO - Найдена ссылка: https://zakupki.mos.ru/newapi/api/FileStorage/Download?id=232509211, текст: проект договора.pdf
2024-11-10 10:21:50,774 - INFO - Найдена ссылка: https://zakupki.mos.ru/newapi/api/FileStorage/Download?id=232509229, текст: тз.docx
2024-11-10 10:21:50,958 - INFO - Файл сохранён: downloads/ТЗ.docx
2024-11-10 10:21:51,216 - INFO - Файл сохранён: downloads/Проект-контракта.pdf
2024-11-10 10:21:51,243 - INFO - Парсинг параметров страницы.
2024-11-10 10:21:51,245 - INFO - Параметры страницы: {'Обеспечение исполнения контракта': 'Не требуется', 'Заказчик': 'Общество с ограниченной ответственностью «Научно-производственное предприятие БИОТУМ»', 'Заключение происходит в соответствии с законом': '223-ФЗ', 'Даты проведения': ' 31.10.2024 10:59:18 — 31 October 2024, 13:59:18'}
2024-11-10 10:21:51,245 - INFO - Начало парсинга данных о продуктах.
2024-11-10 10:21:51,259 - INFO - Парсинг завершен. Найдено продуктов: 2
2024-11-10 10:23:58,275 - INFO - Открытие страницы: https://zakupki.mos.ru/auction/9864884
2024-11-10 10:24:03,397 - INFO - HTML-код страницы успешно загружен.
2024-11-10 10:24:03,529 - INFO - Найдена ссылка: https://zakupki.mos.ru/newapi/api/FileStorage/Download?id=232509211, текст: проект договора.pdf
2024-11-10 10:24:03,530 - INFO - Найдена ссылка: https://zakupki.mos.ru/newapi/api/FileStorage/Download?id=232509229, текст: тз.docx
2024-11-10 10:24:03,700 - INFO - Файл сохранён: downloads/ТЗ.docx
2024-11-10 10:24:03,961 - INFO - Файл сохранён: downloads/Проект-контракта.pdf
2024-11-10 10:24:03,988 - INFO - Парсинг параметров страницы.
2024-11-10 10:24:03,990 - INFO - Параметры страницы: {'Обеспечение исполнения контракта': 'Не требуется', 'Заказчик': 'Общество с ограниченной ответственностью «Научно-производственное предприятие БИОТУМ»', 'Заключение происходит в соответствии с законом': '223-ФЗ', 'Даты проведения': ' 31.10.2024 10:59:18 — 31 October 2024, 13:59:18'}
2024-11-10 10:24:03,990 - INFO - Начало парсинга данных о продуктах.
2024-11-10 10:24:04,003 - INFO - Парсинг завершен. Найдено продуктов: 2
2024-11-10 10:27:51,047 - INFO - Открытие страницы: https://zakupki.mos.ru/auction/9864884
2024-11-10 10:27:56,452 - INFO - HTML-код страницы успешно загружен.
2024-11-10 10:27:56,578 - INFO - Найдена ссылка: https://zakupki.mos.ru/newapi/api/FileStorage/Download?id=232509211, текст: проект договора.pdf
2024-11-10 10:27:56,578 - INFO - Найдена ссылка: https://zakupki.mos.ru/newapi/api/FileStorage/Download?id=232509229, текст: тз.docx
2024-11-10 10:27:56,753 - INFO - Файл сохранён: downloads/ТЗ.docx
2024-11-10 10:27:56,983 - INFO - Файл сохранён: downloads/Проект-контракта.pdf
2024-11-10 10:27:57,010 - INFO - Парсинг параметров страницы.
2024-11-10 10:27:57,012 - INFO - Параметры страницы: {'Обеспечение исполнения контракта': 'Не требуется', 'Заказчик': 'Общество с ограниченной ответственностью «Научно-производственное предприятие БИОТУМ»', 'Заключение происходит в соответствии с законом': '223-ФЗ', 'Даты проведения': ' 31.10.2024 10:59:18 — 31 October 2024, 13:59:18'}
2024-11-10 10:27:57,012 - INFO - Начало парсинга данных о продуктах.
2024-11-10 10:27:57,026 - INFO - Парсинг завершен. Найдено продуктов: 2
2024-11-10 10:32:07,922 - INFO - Открытие страницы: https://zakupki.mos.ru/auction/9864870
2024-11-10 10:32:14,211 - INFO - HTML-код страницы успешно загружен.
2024-11-10 10:32:14,360 - INFO - Найдена ссылка: https://zakupki.mos.ru/newapi/api/FileStorage/Download?id=232508260, текст: техническое задание автозапчасти (4).docx
2024-11-10 10:32:14,360 - INFO - Найдена ссылка: https://zakupki.mos.ru/newapi/api/FileStorage/Download?id=232508272, текст: проект контракта.pdf
2024-11-10 10:32:14,602 - INFO - Файл сохранён: downloads/ТЗ.docx
2024-11-10 10:32:14,846 - INFO - Файл сохранён: downloads/Проект-контракта.pdf
2024-11-10 10:32:14,885 - INFO - Парсинг параметров страницы.
2024-11-10 10:32:14,886 - INFO - Параметры страницы: {'Условия исполнения контракта': 'Обязательное электронное исполнение с использованием УПД', 'Обеспечение исполнения контракта': 'Не требуется', 'Заказчик': 'Государственное бюджетное профессиональное образовательное учреждение города Москвы «Медицинский колледж № 1»', 'Заключение происходит в соответствии с законом': '44-ФЗ', 'Даты проведения': ' 31.10.2024 10:56:14 — 31 October 2024, 16:56:14'}
2024-11-10 10:32:14,886 - INFO - Начало парсинга данных о продуктах.
2024-11-10 10:32:14,912 - INFO - Парсинг завершен. Найдено продуктов: 4
2024-11-10 10:33:33,876 - INFO - Открытие страницы: https://zakupki.mos.ru/auction/9864884
2024-11-10 10:33:39,563 - INFO - HTML-код страницы успешно загружен.
2024-11-10 10:33:39,695 - INFO - Найдена ссылка: https://zakupki.mos.ru/newapi/api/FileStorage/Download?id=232509211, текст: проект договора.pdf
2024-11-10 10:33:39,695 - INFO - Найдена ссылка: https://zakupki.mos.ru/newapi/api/FileStorage/Download?id=232509229, текст: тз.docx
2024-11-10 10:33:39,864 - INFO - Файл сохранён: downloads/ТЗ.docx
2024-11-10 10:33:40,084 - INFO - Файл сохранён: downloads/Проект-контракта.pdf
2024-11-10 10:33:40,109 - INFO - Парсинг параметров страницы.
2024-11-10 10:33:40,111 - INFO - Параметры страницы: {'Обеспечение исполнения контракта': 'Не требуется', 'Заказчик': 'Общество с ограниченной ответственностью «Научно-производственное предприятие БИОТУМ»', 'Заключение происходит в соответствии с законом': '223-ФЗ', 'Даты проведения': ' 31.10.2024 10:59:18 — 31 October 2024, 13:59:18'}
2024-11-10 10:33:40,111 - INFO - Начало парсинга данных о продуктах.
2024-11-10 10:33:40,125 - INFO - Парсинг завершен. Найдено продуктов: 2
2024-11-10 10:40:18,310 - INFO - Открытие страницы: https://zakupki.mos.ru/auction/9864884
2024-11-10 10:40:24,088 - INFO - HTML-код страницы успешно загружен.
2024-11-10 10:40:24,225 - INFO - Найдена ссылка: https://zakupki.mos.ru/newapi/api/FileStorage/Download?id=232509211, текст: проект договора.pdf
2024-11-10 10:40:24,225 - INFO - Найдена ссылка: https://zakupki.mos.ru/newapi/api/FileStorage/Download?id=232509229, текст: тз.docx
2024-11-10 10:40:24,376 - INFO - Файл сохранён: downloads/ТЗ.docx
2024-11-10 10:40:24,601 - INFO - Файл сохранён: downloads/Проект-контракта.pdf
2024-11-10 10:40:24,629 - INFO - Парсинг параметров страницы.
2024-11-10 10:40:24,631 - INFO - Параметры страницы: {'Обеспечение исполнения контракта': 'Не требуется', 'Заказчик': 'Общество с ограниченной ответственностью «Научно-производственное предприятие БИОТУМ»', 'Заключение происходит в соответствии с законом': '223-ФЗ', 'Даты проведения': ' 31.10.2024 10:59:18 — 31 October 2024, 13:59:18'}
2024-11-10 10:40:24,631 - INFO - Начало парсинга данных о продуктах.
2024-11-10 10:40:24,645 - INFO - Парсинг завершен. Найдено продуктов: 2
2024-11-10 10:41:17,693 - INFO - Открытие страницы: https://zakupki.mos.ru/auction/9864884
2024-11-10 10:41:23,238 - INFO - HTML-код страницы успешно загружен.
2024-11-10 10:41:23,392 - INFO - Найдена ссылка: https://zakupki.mos.ru/newapi/api/FileStorage/Download?id=232509211, текст: проект договора.pdf
2024-11-10 10:41:23,392 - INFO - Найдена ссылка: https://zakupki.mos.ru/newapi/api/FileStorage/Download?id=232509229, текст: тз.docx
2024-11-10 10:41:23,564 - INFO - Файл сохранён: downloads/ТЗ.docx
2024-11-10 10:41:23,756 - INFO - Файл сохранён: downloads/Проект-контракта.pdf
2024-11-10 10:41:23,781 - INFO - Парсинг параметров страницы.
2024-11-10 10:41:23,784 - INFO - Параметры страницы: {'Обеспечение исполнения контракта': 'Не требуется', 'Заказчик': 'Общество с ограниченной ответственностью «Научно-производственное предприятие БИОТУМ»', 'Заключение происходит в соответствии с законом': '223-ФЗ', 'Даты проведения': ' 31.10.2024 10:59:18 — 31 October 2024, 13:59:18'}
2024-11-10 10:41:23,784 - INFO - Начало парсинга данных о продуктах.
2024-11-10 10:41:23,798 - INFO - Парсинг завершен. Найдено продуктов: 2
2024-11-10 10:45:11,599 - INFO - Открытие страницы: https://zakupki.mos.ru/auction/9864884
2024-11-10 10:45:17,061 - INFO - HTML-код страницы успешно загружен.
2024-11-10 10:45:17,424 - INFO - Найдена ссылка: https://zakupki.mos.ru/newapi/api/FileStorage/Download?id=232509211, текст: проект договора.pdf
2024-11-10 10:45:17,425 - INFO - Найдена ссылка: https://zakupki.mos.ru/newapi/api/FileStorage/Download?id=232509229, текст: тз.docx
2024-11-10 10:45:17,605 - INFO - Файл сохранён: downloads/ТЗ.docx
2024-11-10 10:45:17,842 - INFO - Файл сохранён: downloads/Проект-контракта.pdf
2024-11-10 10:45:17,866 - INFO - Парсинг параметров страницы.
2024-11-10 10:45:17,868 - INFO - Параметры страницы: {'Обеспечение исполнения контракта': 'Не требуется', 'Заказчик': 'Общество с ограниченной ответственностью «Научно-производственное предприятие БИОТУМ»', 'Заключение происходит в соответствии с законом': '223-ФЗ', 'Даты проведения': ' 31.10.2024 10:59:18 — 31 October 2024, 13:59:18'}
2024-11-10 10:45:17,869 - INFO - Начало парсинга данных о продуктах.
2024-11-10 10:45:17,882 - INFO - Парсинг завершен. Найдено продуктов: 2
