2024-11-09 18:47:08,364 - INFO - Открытие страницы: https://zakupki.mos.ru/auction/9864533
2024-11-09 18:47:13,814 - INFO - HTML-код страницы успешно загружен.
2024-11-09 18:47:13,814 - INFO - Начало парсинга данных о продуктах.
2024-11-09 18:47:13,840 - INFO - Парсинг завершен. Найдено продуктов: 3
2024-11-09 18:47:43,656 - INFO - Открытие страницы: https://zakupki.mos.ru/auction/9864533
2024-11-09 18:47:49,066 - INFO - HTML-код страницы успешно загружен.
2024-11-09 18:47:49,082 - INFO - Парсинг параметров страницы.
2024-11-09 18:47:49,085 - INFO - Параметры страницы: {'Условия исполнения контракта': 'Обязательное электронное исполнение с использованием УПД', 'Обеспечение исполнения контракта': 'Не требуется', 'Заказчик': 'Государственное бюджетное общеобразовательное учреждение города Москвы «Центр спорта и образования «Самбо-70» Департамента спорта города Москвы', 'Заключение происходит в соответствии с законом': '44-ФЗ', 'Даты проведения': ' 31.10.2024 09:10:11 — 31 October 2024, 15:10:11'}
2024-11-09 18:47:49,085 - INFO - Начало парсинга данных о продуктах.
2024-11-09 18:47:49,095 - INFO - Парсинг завершен. Найдено продуктов: 3
2024-11-09 18:51:46,571 - INFO - Открытие страницы: https://zakupki.mos.ru/auction/9862417
2024-11-09 18:51:50,713 - INFO - HTML-код страницы успешно загружен.
2024-11-09 18:51:50,726 - INFO - Парсинг параметров страницы.
2024-11-09 18:51:50,727 - INFO - Параметры страницы: {'Условия исполнения контракта': 'Обязательное электронное исполнение с использованием УПД', 'Обеспечение исполнения контракта': 'Не требуется', 'Заказчик': 'Государственное бюджетное учреждение здравоохранения города Москвы «Городская клиническая больница № 15 имени О.М. Филатова Департамента здравоохранения города Москвы»', 'Заключение происходит в соответствии с законом': '44-ФЗ', 'Даты проведения': ' 29.10.2024 09:00:00 — 29 October 2024, 12:00:00'}
2024-11-09 18:51:50,727 - INFO - Начало парсинга данных о продуктах.
2024-11-09 18:51:50,733 - INFO - Парсинг завершен. Найдено продуктов: 2
2024-11-09 19:16:38,433 - INFO - Открытие страницы: https://zakupki.mos.ru/auction/9864533
2024-11-09 19:16:50,803 - INFO - HTML-код страницы успешно загружен.
2024-11-09 19:16:50,837 - INFO - Парсинг параметров страницы.
2024-11-09 19:16:50,841 - INFO - Параметры страницы: {'Условия исполнения контракта': 'Обязательное электронное исполнение с использованием УПД', 'Обеспечение исполнения контракта': 'Не требуется', 'Заказчик': 'Государственное бюджетное общеобразовательное учреждение города Москвы «Центр спорта и образования «Самбо-70» Департамента спорта города Москвы', 'Заключение происходит в соответствии с законом': '44-ФЗ', 'Даты проведения': ' 31.10.2024 09:10:11 — 31 October 2024, 15:10:11'}
2024-11-09 19:16:50,841 - INFO - Начало парсинга данных о продуктах.
2024-11-09 19:16:50,862 - INFO - Парсинг завершен. Найдено продуктов: 3
2024-11-09 19:17:44,513 - INFO - Открытие страницы: https://zakupki.mos.ru/auction/9864708
2024-11-09 19:17:52,448 - INFO - HTML-код страницы успешно загружен.
2024-11-09 19:17:52,479 - INFO - Парсинг параметров страницы.
2024-11-09 19:17:52,484 - INFO - Параметры страницы: {'Обеспечение исполнения контракта': 'Не требуется', 'Заказчик': 'Акционерное общество «Москоллектор»', 'Заключение происходит в соответствии с законом': '223-ФЗ', 'Даты проведения': ' 31.10.2024 09:59:13 — 31 October 2024, 15:59:13'}
2024-11-09 19:17:52,484 - INFO - Начало парсинга данных о продуктах.
2024-11-09 19:17:52,505 - INFO - Парсинг завершен. Найдено продуктов: 2
2024-11-09 19:26:49,162 - INFO - Открытие страницы: https://zakupki.mos.ru/auction/9862417
2024-11-09 19:26:57,784 - INFO - HTML-код страницы успешно загружен.
2024-11-09 19:26:57,807 - INFO - Парсинг параметров страницы.
2024-11-09 19:26:57,810 - INFO - Параметры страницы: {'Условия исполнения контракта': 'Обязательное электронное исполнение с использованием УПД', 'Обеспечение исполнения контракта': 'Не требуется', 'Заказчик': 'Государственное бюджетное учреждение здравоохранения города Москвы «Городская клиническая больница № 15 имени О.М. Филатова Департамента здравоохранения города Москвы»', 'Заключение происходит в соответствии с законом': '44-ФЗ', 'Даты проведения': ' 29.10.2024 09:00:00 — 29 October 2024, 12:00:00'}
2024-11-09 19:26:57,810 - INFO - Начало парсинга данных о продуктах.
2024-11-09 19:26:57,823 - INFO - Парсинг завершен. Найдено продуктов: 2
2024-11-09 19:27:33,601 - INFO - Открытие страницы: https://zakupki.mos.ru/auction/9862366
2024-11-09 19:27:40,226 - INFO - HTML-код страницы успешно загружен.
2024-11-09 19:27:40,246 - INFO - Парсинг параметров страницы.
2024-11-09 19:27:40,249 - INFO - Параметры страницы: {'Условия исполнения контракта': 'Обязательное электронное исполнение с использованием УПД', 'Обеспечение исполнения контракта': 'Не требуется', 'Заказчик': 'Департамент здравоохранения города Москвы', 'Заключение происходит в соответствии с законом': '44-ФЗ', 'Даты проведения': ' 28.10.2024 14:13:17 — 29 October 2024, 14:13:17'}
2024-11-09 19:27:40,249 - INFO - Начало парсинга данных о продуктах.
2024-11-09 19:27:40,257 - INFO - Парсинг завершен. Найдено продуктов: 1
