2024-11-10 03:52:16,287 - INFO - Открытие страницы: https://zakupki.mos.ru/auction/9869552
2024-11-10 03:52:18,219 - INFO - HTML-код страницы успешно загружен.
2024-11-10 03:52:33,861 - INFO - Открытие страницы: https://zakupki.mos.ru/auction/9869552
2024-11-10 03:52:36,829 - INFO - HTML-код страницы успешно загружен.
2024-11-10 03:53:18,165 - INFO - Открытие страницы: https://zakupki.mos.ru/auction/9869552
2024-11-10 03:53:21,007 - INFO - HTML-код страницы успешно загружен.
2024-11-10 03:54:34,348 - INFO - Открытие страницы: https://zakupki.mos.ru/auction/9869552
2024-11-10 03:54:38,186 - INFO - HTML-код страницы успешно загружен.
2024-11-10 03:54:38,195 - INFO - Найдена ссылка: /ru
2024-11-10 03:54:38,195 - INFO - Найдена ссылка: /knowledgebase/main
2024-11-10 03:54:38,195 - INFO - Найдена ссылка: /about
2024-11-10 03:54:38,195 - INFO - Найдена ссылка: https://old.zakupki.mos.ru/#/news
2024-11-10 03:54:38,195 - INFO - Найдена ссылка: /knowledgebase/main
2024-11-10 03:54:38,195 - INFO - Найдена ссылка: /sitemap
2024-11-10 03:54:38,195 - INFO - Найдена ссылка: https://www.mos.ru/tender/
2024-11-10 03:54:38,195 - INFO - Найдена ссылка: https://www.mos.ru/tender/
2024-11-10 03:54:38,196 - INFO - Найдена ссылка: https://www.mos.ru/dit/
2024-11-10 03:54:38,196 - INFO - Найдена ссылка: https://www.mos.ru/dit/
2024-11-10 03:54:38,196 - INFO - Найдена ссылка: https://www.mos.ru/tender/
2024-11-10 03:54:38,196 - INFO - Найдена ссылка: https://www.mos.ru/dit/
2024-11-10 03:54:38,196 - INFO - Найдена ссылка: https://t.me/Supplier_Portal
2024-11-10 03:55:49,660 - INFO - Открытие страницы: https://zakupki.mos.ru/auction/9869552
2024-11-10 03:55:59,460 - INFO - HTML-код страницы успешно загружен.
2024-11-10 03:56:07,265 - INFO - Открытие страницы: https://zakupki.mos.ru/auction/9869552
2024-11-10 03:56:10,038 - INFO - HTML-код страницы успешно загружен.
2024-11-10 03:56:42,757 - INFO - Открытие страницы: https://zakupki.mos.ru/auction/9869552
2024-11-10 03:56:45,544 - INFO - HTML-код страницы успешно загружен.
2024-11-10 04:02:49,588 - INFO - Открытие страницы: https://zakupki.mos.ru/auction/9869552
2024-11-10 04:02:53,345 - INFO - HTML-код страницы успешно загружен.
2024-11-10 04:04:13,918 - INFO - Открытие страницы: https://zakupki.mos.ru/auction/9869552
2024-11-10 04:04:16,758 - INFO - HTML-код страницы успешно загружен.
2024-11-10 04:06:27,938 - INFO - Открытие страницы: https://zakupki.mos.ru/auction/9869552
2024-11-10 04:06:41,767 - INFO - HTML-код страницы успешно загружен.
2024-11-10 04:07:12,927 - INFO - Открытие страницы: https://zakupki.mos.ru/auction/9869552
2024-11-10 04:07:15,378 - INFO - HTML-код страницы успешно загружен.
